2019-08-30 11:19:10.417 DEBUG 8444 --- [main] o.s.w.c.s.StandardServletEnvironment     : Adding PropertySource 'configurationProperties' with highest search precedence
2019-08-30 11:19:10.453 DEBUG 8444 --- [main] o.s.w.c.s.StandardServletEnvironment     : Adding PropertySource 'servletConfigInitParams' with lowest search precedence
2019-08-30 11:19:10.453 DEBUG 8444 --- [main] o.s.w.c.s.StandardServletEnvironment     : Adding PropertySource 'servletContextInitParams' with lowest search precedence
2019-08-30 11:19:10.453 DEBUG 8444 --- [main] o.s.w.c.s.StandardServletEnvironment     : Adding PropertySource 'systemProperties' with lowest search precedence
2019-08-30 11:19:10.453 DEBUG 8444 --- [main] o.s.w.c.s.StandardServletEnvironment     : Adding PropertySource 'systemEnvironment' with lowest search precedence
2019-08-30 11:19:10.454 DEBUG 8444 --- [main] o.s.w.c.s.StandardServletEnvironment     : Initialized StandardServletEnvironment with PropertySources [StubPropertySource {name='servletConfigInitParams'}, StubPropertySource {name='servletContextInitParams'}, MapPropertySource {name='systemProperties'}, SystemEnvironmentPropertySource {name='systemEnvironment'}]
2019-08-30 11:19:10.495  INFO 8444 --- [main] tws.Application                          : Starting Application on LAPTOP-8TLEA6AN with PID 8444 (E:\thought_git\API\Mybatis\java_persistence_practice_mybatis_crud-2019-8-29-5-56-46-603\out\production\classes started by user in E:\thought_git\API\Mybatis\java_persistence_practice_mybatis_crud-2019-8-29-5-56-46-603)
2019-08-30 11:19:10.496  INFO 8444 --- [main] tws.Application                          : No active profile set, falling back to default profiles: default
2019-08-30 11:19:10.529  INFO 8444 --- [main] ConfigServletWebServerApplicationContext : Refreshing org.springframework.boot.web.servlet.context.AnnotationConfigServletWebServerApplicationContext@74fe5c40: startup date [Fri Aug 30 11:19:10 CST 2019]; root of context hierarchy
2019-08-30 11:19:11.313 DEBUG 8444 --- [main] o.s.w.c.s.StandardServletEnvironment     : Removing PropertySource 'defaultProperties'
2019-08-30 11:19:11.567  INFO 8444 --- [main] o.s.b.w.embedded.tomcat.TomcatWebServer  : Tomcat initialized with port(s): 8080 (http)
2019-08-30 11:19:11.583  INFO 8444 --- [main] o.apache.catalina.core.StandardService   : Starting service [Tomcat]
2019-08-30 11:19:11.583  INFO 8444 --- [main] org.apache.catalina.core.StandardEngine  : Starting Servlet Engine: Apache Tomcat/8.5.31
2019-08-30 11:19:11.586  INFO 8444 --- [localhost-startStop-1] o.a.catalina.core.AprLifecycleListener   : The APR based Apache Tomcat Native library which allows optimal performance in production environments was not found on the java.library.path: [D:\Java\jdk1.8.0_181\bin;C:\Windows\Sun\Java\bin;C:\Windows\system32;C:\Windows;C:\Program Files (x86)\Common Files\Oracle\Java\javapath;C:\Windows\system32;C:\Windows;C:\Windows\System32\Wbem;C:\Windows\System32\WindowsPowerShell\v1.0\;C:\Windows\System32\OpenSSH\;C:\Program Files\Intel\WiFi\bin\;C:\Program Files\Common Files\Intel\WirelessCommon\;C:\Program Files (x86)\NVIDIA Corporation\PhysX\Common;C:\Program Files\NVIDIA Corporation\NVIDIA NvDLISR;D:\Java\jdk1.8.0_181\bin;D:\Java\jdk1.8.0_181\jre\bin;D:\Git\cmd;D:\gradle-5.4.1\bin;D:\nodejs\;C:\Users\user\AppData\Local\Microsoft\WindowsApps;C:\Users\user\AppData\Roaming\npm;D:\Microsoft VS Code\bin;.]
2019-08-30 11:19:11.647  INFO 8444 --- [localhost-startStop-1] o.a.c.c.C.[Tomcat].[localhost].[/]       : Initializing Spring embedded WebApplicationContext
2019-08-30 11:19:11.647 DEBUG 8444 --- [localhost-startStop-1] o.s.web.context.ContextLoader            : Published root WebApplicationContext as ServletContext attribute with name [org.springframework.web.context.WebApplicationContext.ROOT]
2019-08-30 11:19:11.647  INFO 8444 --- [localhost-startStop-1] o.s.web.context.ContextLoader            : Root WebApplicationContext: initialization completed in 1118 ms
2019-08-30 11:19:11.740  INFO 8444 --- [localhost-startStop-1] o.s.b.w.servlet.ServletRegistrationBean  : Servlet dispatcherServlet mapped to [/]
2019-08-30 11:19:11.741  INFO 8444 --- [localhost-startStop-1] o.s.b.w.servlet.ServletRegistrationBean  : Servlet webServlet mapped to [/h2-console/*]
2019-08-30 11:19:11.744  INFO 8444 --- [localhost-startStop-1] o.s.b.w.servlet.FilterRegistrationBean   : Mapping filter: 'characterEncodingFilter' to: [/*]
2019-08-30 11:19:11.745  INFO 8444 --- [localhost-startStop-1] o.s.b.w.servlet.FilterRegistrationBean   : Mapping filter: 'hiddenHttpMethodFilter' to: [/*]
2019-08-30 11:19:11.745  INFO 8444 --- [localhost-startStop-1] o.s.b.w.servlet.FilterRegistrationBean   : Mapping filter: 'httpPutFormContentFilter' to: [/*]
2019-08-30 11:19:11.745  INFO 8444 --- [localhost-startStop-1] o.s.b.w.servlet.FilterRegistrationBean   : Mapping filter: 'requestContextFilter' to: [/*]
2019-08-30 11:19:11.761 DEBUG 8444 --- [main] o.s.w.c.s.StandardServletEnvironment     : Replacing PropertySource 'servletContextInitParams' with 'servletContextInitParams'
2019-08-30 11:19:11.832  INFO 8444 --- [main] com.zaxxer.hikari.HikariDataSource       : HikariPool-1 - Starting...
2019-08-30 11:19:11.919  INFO 8444 --- [main] com.zaxxer.hikari.HikariDataSource       : HikariPool-1 - Start completed.
2019-08-30 11:19:11.928  INFO 8444 --- [main] o.s.jdbc.datasource.init.ScriptUtils     : Executing SQL script from URL [file:/E:/thought_git/API/Mybatis/java_persistence_practice_mybatis_crud-2019-8-29-5-56-46-603/out/production/resources/schema.sql]
2019-08-30 11:19:11.940  INFO 8444 --- [main] o.s.jdbc.datasource.init.ScriptUtils     : Executed SQL script from URL [file:/E:/thought_git/API/Mybatis/java_persistence_practice_mybatis_crud-2019-8-29-5-56-46-603/out/production/resources/schema.sql] in 11 ms.
2019-08-30 11:19:12.106  WARN 8444 --- [main] ConfigServletWebServerApplicationContext : Exception encountered during context initialization - cancelling refresh attempt: org.springframework.beans.factory.UnsatisfiedDependencyException: Error creating bean with name 'employeeController': Unsatisfied dependency expressed through field 'employeeService'; nested exception is org.springframework.beans.factory.NoSuchBeanDefinitionException: No qualifying bean of type 'tws.Service.employeeService' available: expected at least 1 bean which qualifies as autowire candidate. Dependency annotations: {@org.springframework.beans.factory.annotation.Autowired(required=true)}
2019-08-30 11:19:12.106  INFO 8444 --- [main] com.zaxxer.hikari.HikariDataSource       : HikariPool-1 - Shutdown initiated...
2019-08-30 11:19:12.108  INFO 8444 --- [main] com.zaxxer.hikari.HikariDataSource       : HikariPool-1 - Shutdown completed.
2019-08-30 11:19:12.109  INFO 8444 --- [main] o.apache.catalina.core.StandardService   : Stopping service [Tomcat]
2019-08-30 11:19:12.119  INFO 8444 --- [main] ConditionEvaluationReportLoggingListener : 

Error starting ApplicationContext. To display the conditions report re-run your application with 'debug' enabled.
2019-08-30 11:19:12.186 ERROR 8444 --- [main] o.s.b.d.LoggingFailureAnalysisReporter   : 

***************************
APPLICATION FAILED TO START
***************************

Description:

Field employeeService in tws.controller.EmployeeController required a bean of type 'tws.Service.employeeService' that could not be found.


Action:

Consider defining a bean of type 'tws.Service.employeeService' in your configuration.

